<?xml version="1.0" encoding="UTF-8"?>
<testsuite xmlns:xsi="http://www.w3.org/2001/XMLSchema-instance" xsi:noNamespaceSchemaLocation="https://maven.apache.org/surefire/maven-surefire-plugin/xsd/surefire-test-report-3.0.xsd" version="3.0" name="services.MetierImplTest" time="0.067" tests="1" errors="0" skipped="0" failures="0">
  <properties>
    <property name="java.specification.version" value="21"/>
    <property name="sun.cpu.isalist" value="amd64"/>
    <property name="sun.jnu.encoding" value="Cp1252"/>
    <property name="java.class.path" value="D:\Stuff\Me\My Carrier\Cycle d&apos;ingénieur\5IIR\Architecture\TP2\target\test-classes;D:\Stuff\Me\My Carrier\Cycle d&apos;ingénieur\5IIR\Architecture\TP2\target\classes;C:\Users\Soulaimane\.m2\repository\org\springframework\spring-context\6.1.2\spring-context-6.1.2.jar;C:\Users\Soulaimane\.m2\repository\org\springframework\spring-aop\6.1.2\spring-aop-6.1.2.jar;C:\Users\Soulaimane\.m2\repository\org\springframework\spring-beans\6.1.2\spring-beans-6.1.2.jar;C:\Users\Soulaimane\.m2\repository\org\springframework\spring-core\6.1.2\spring-core-6.1.2.jar;C:\Users\Soulaimane\.m2\repository\org\springframework\spring-jcl\6.1.2\spring-jcl-6.1.2.jar;C:\Users\Soulaimane\.m2\repository\org\springframework\spring-expression\6.1.2\spring-expression-6.1.2.jar;C:\Users\Soulaimane\.m2\repository\io\micrometer\micrometer-observation\1.12.1\micrometer-observation-1.12.1.jar;C:\Users\Soulaimane\.m2\repository\io\micrometer\micrometer-commons\1.12.1\micrometer-commons-1.12.1.jar;C:\Users\Soulaimane\.m2\repository\junit\junit\4.13.2\junit-4.13.2.jar;C:\Users\Soulaimane\.m2\repository\org\hamcrest\hamcrest-core\1.3\hamcrest-core-1.3.jar;"/>
    <property name="java.vm.vendor" value="Oracle Corporation"/>
    <property name="sun.arch.data.model" value="64"/>
    <property name="user.variant" value=""/>
    <property name="java.vendor.url" value="https://java.oracle.com/"/>
    <property name="user.timezone" value="Africa/Casablanca"/>
    <property name="user.country.format" value="US"/>
    <property name="os.name" value="Windows 11"/>
    <property name="java.vm.specification.version" value="21"/>
    <property name="sun.java.launcher" value="SUN_STANDARD"/>
    <property name="user.country" value="FR"/>
    <property name="sun.boot.library.path" value="C:\Program Files\Java\jdk-21.0.8\bin"/>
    <property name="sun.java.command" value="C:\Users\Soulaimane\AppData\Local\Temp\surefire3793624002966828105\surefirebooter-20251022095419387_3.jar C:\Users\Soulaimane\AppData\Local\Temp\surefire3793624002966828105 2025-10-22T09-54-17_745-jvmRun1 surefire-20251022095419387_1tmp surefire_0-20251022095419387_2tmp"/>
    <property name="jdk.debug" value="release"/>
    <property name="surefire.test.class.path" value="D:\Stuff\Me\My Carrier\Cycle d&apos;ingénieur\5IIR\Architecture\TP2\target\test-classes;D:\Stuff\Me\My Carrier\Cycle d&apos;ingénieur\5IIR\Architecture\TP2\target\classes;C:\Users\Soulaimane\.m2\repository\org\springframework\spring-context\6.1.2\spring-context-6.1.2.jar;C:\Users\Soulaimane\.m2\repository\org\springframework\spring-aop\6.1.2\spring-aop-6.1.2.jar;C:\Users\Soulaimane\.m2\repository\org\springframework\spring-beans\6.1.2\spring-beans-6.1.2.jar;C:\Users\Soulaimane\.m2\repository\org\springframework\spring-core\6.1.2\spring-core-6.1.2.jar;C:\Users\Soulaimane\.m2\repository\org\springframework\spring-jcl\6.1.2\spring-jcl-6.1.2.jar;C:\Users\Soulaimane\.m2\repository\org\springframework\spring-expression\6.1.2\spring-expression-6.1.2.jar;C:\Users\Soulaimane\.m2\repository\io\micrometer\micrometer-observation\1.12.1\micrometer-observation-1.12.1.jar;C:\Users\Soulaimane\.m2\repository\io\micrometer\micrometer-commons\1.12.1\micrometer-commons-1.12.1.jar;C:\Users\Soulaimane\.m2\repository\junit\junit\4.13.2\junit-4.13.2.jar;C:\Users\Soulaimane\.m2\repository\org\hamcrest\hamcrest-core\1.3\hamcrest-core-1.3.jar;"/>
    <property name="sun.cpu.endian" value="little"/>
    <property name="user.home" value="C:\Users\Soulaimane"/>
    <property name="user.language" value="fr"/>
    <property name="java.specification.vendor" value="Oracle Corporation"/>
    <property name="java.version.date" value="2025-07-15"/>
    <property name="java.home" value="C:\Program Files\Java\jdk-21.0.8"/>
    <property name="file.separator" value="\"/>
    <property name="basedir" value="D:\Stuff\Me\My Carrier\Cycle d&apos;ingénieur\5IIR\Architecture\TP2"/>
    <property name="java.vm.compressedOopsMode" value="32-bit"/>
    <property name="line.separator" value="&#10;"/>
    <property name="java.vm.specification.vendor" value="Oracle Corporation"/>
    <property name="java.specification.name" value="Java Platform API Specification"/>
    <property name="surefire.real.class.path" value="C:\Users\Soulaimane\AppData\Local\Temp\surefire3793624002966828105\surefirebooter-20251022095419387_3.jar"/>
    <property name="user.script" value=""/>
    <property name="sun.management.compiler" value="HotSpot 64-Bit Tiered Compilers"/>
    <property name="java.runtime.version" value="21.0.8+12-LTS-250"/>
    <property name="user.name" value="Soulaimane"/>
    <property name="stdout.encoding" value="Cp1252"/>
    <property name="path.separator" value=";"/>
    <property name="os.version" value="10.0"/>
    <property name="java.runtime.name" value="Java(TM) SE Runtime Environment"/>
    <property name="file.encoding" value="UTF-8"/>
    <property name="java.vm.name" value="Java HotSpot(TM) 64-Bit Server VM"/>
    <property name="localRepository" value="C:\Users\Soulaimane\.m2\repository"/>
    <property name="java.vendor.url.bug" value="https://bugreport.java.com/bugreport/"/>
    <property name="java.io.tmpdir" value="C:\Users\SOULAI~1\AppData\Local\Temp\"/>
    <property name="java.version" value="21.0.8"/>
    <property name="user.dir" value="D:\Stuff\Me\My Carrier\Cycle d&apos;ingénieur\5IIR\Architecture\TP2"/>
    <property name="os.arch" value="amd64"/>
    <property name="java.vm.specification.name" value="Java Virtual Machine Specification"/>
    <property name="user.language.format" value="en"/>
    <property name="sun.os.patch.level" value=""/>
    <property name="native.encoding" value="Cp1252"/>
    <property name="java.library.path" value="C:\Program Files\Java\jdk-21.0.8\bin;C:\WINDOWS\Sun\Java\bin;C:\WINDOWS\system32;C:\WINDOWS;c:\Users\Soulaimane\AppData\Local\Programs\cursor\resources\app\bin;C:\app\Soulaimane\product\21c\dbhomeXE\bin;C:\windows\system32;C:\windows;C:\windows\System32\Wbem;C:\windows\System32\WindowsPowerShell\v1.0\;C:\windows\System32\OpenSSH\;C:\Program Files (x86)\NVIDIA Corporation\PhysX\Common;C:\Program Files\NVIDIA Corporation\NVIDIA NvDLISR;C:\WINDOWS\system32;C:\WINDOWS;C:\WINDOWS\System32\Wbem;C:\WINDOWS\System32\WindowsPowerShell\v1.0\;C:\WINDOWS\System32\OpenSSH\;C:\Program Files\HP\HP One Agent;C:\Program Files\MongoDB\Tools\100\bin;C:\Program Files\MySQL\MySQL Server 8.0\bin;C:\Program Files\Java\maven-3.9.9\bin;C:\winutils-master\winutils-master\hadoop-3.2.0\bin;C:\spark-3.5.5-bin-hadoop3\bin;D:\sysFiles\Stripe;C:\minikube;C:\Users\Soulaimane\AppData\Local\Microsoft\WindowsApps;C:\Users\Soulaimane\AppData\Roaming\npm;c:\Users\Soulaimane\AppData\Local\Programs\cursor\resources\app\bin;C:\Program Files\nodejs\;C:\Program Files\Git\cmd;C:\Users\Soulaimane\AppData\Roaming\npm;C:\Program Files\terraform;C:\Program Files\Docker\Docker\resources\bin;C:\Program Files\Java\apache-maven-3.9.11\bin;C:\Program Files\Java\jdk-21.0.8\bin;C:\Users\Soulaimane\AppData\Local\Microsoft\WindowsApps;C:\Users\Soulaimane\AppData\Local\Programs\Microsoft VS Code\bin;C:\Users\Soulaimane\AppData\Roaming\npm;C:\Users\Soulaimane\AppData\Local\Programs\cursor\resources\app\bin;C:\Users\Soulaimane\AppData\Local\GitHubDesktop\bin;D:\sysFiles\flutter\bin;."/>
    <property name="java.vm.info" value="mixed mode, sharing"/>
    <property name="stderr.encoding" value="Cp1252"/>
    <property name="java.vendor" value="Oracle Corporation"/>
    <property name="java.vm.version" value="21.0.8+12-LTS-250"/>
    <property name="sun.io.unicode.encoding" value="UnicodeLittle"/>
    <property name="java.class.version" value="65.0"/>
  </properties>
  <testcase name="testCalcul" classname="services.MetierImplTest" time="0.003"/>
</testsuite>